<?xml version="1.0" encoding="UTF-8"?>
<!-- Generated by org.testng.reporters.JUnitXMLReporter -->
<testsuite hostname="DESKTOP-ADCM4MU" ignored="0" name="Test" tests="1" failures="0" timestamp="12 Aug 2019 18:14:25 GMT" time="8.096" errors="0">
  <testcase name="@AfterTest tearDown" time="0.001" classname="com.anb.library.Base_Test">
    <failure type="java.lang.NullPointerException">
      <![CDATA[java.lang.NullPointerException
at com.anb.library.Base_Test.tearDown(Base_Test.java:75)
... Removed 24 stack frames]]>
    </failure>
  </testcase> <!-- @AfterTest tearDown -->
  <testcase name="validateAndroidReferencePageElements" time="8.063" classname="com.anb.androidreference.Page_Test"/>
</testsuite> <!-- Test -->
